27-11-2025 15:48:25 INFO  RestAssuredRequestFilter:17 - -----------------------------------------------------------------------------------------
27-11-2025 15:48:25 INFO  RestAssuredRequestFilter:18 -  Request Method => POST
 Request URI => https://restful-booker.herokuapp.com/booking
 Request Header =>
Accept=application/json
Content-Type=application/json
 Request Body => {"firstname":"Ricky","additionalneeds":"Breakfast","bookingdates":{"checkin":"2026-01-05","checkout":"2026-01-10"},"totalprice":1000,"depositpaid":true,"lastname":"Martin"}

 Response Status => HTTP/1.1 200 OK
 Response Header =>
Content-Length=201
Content-Type=application/json; charset=utf-8
Date=Thu, 27 Nov 2025 10:18:27 GMT
Etag=W/"c9-/mu06xaY0YYpyEkqOupMZGhrxDA"
Nel={"report_to":"heroku-nel","response_headers":["Via"],"max_age":3600,"success_fraction":0.01,"failure_fraction":0.1}
Report-To={"group":"heroku-nel","endpoints":[{"url":"https://nel.heroku.com/reports?s=pd2TNmVyUpFaMYbG8BZqM7WOTjn3JQPBLh%2F4ZqYW8Jc%3D\u0026sid=c46efe9b-d3d2-4a0c-8c76-bfafa16c5add\u0026ts=1764238707"}],"max_age":3600}
Reporting-Endpoints=heroku-nel="https://nel.heroku.com/reports?s=pd2TNmVyUpFaMYbG8BZqM7WOTjn3JQPBLh%2F4ZqYW8Jc%3D&sid=c46efe9b-d3d2-4a0c-8c76-bfafa16c5add&ts=1764238707"
Server=Heroku
Via=1.1 heroku-router
X-Powered-By=Express
 Response Body => {
    "bookingid": 3835,
    "booking": {
        "firstname": "Ricky",
        "lastname": "Martin",
        "totalprice": 1000,
        "depositpaid": true,
        "bookingdates": {
            "checkin": "2026-01-05",
            "checkout": "2026-01-10"
        },
        "additionalneeds": "Breakfast"
    }
}
27-11-2025 15:48:25 INFO  RestAssuredRequestFilter:25 - -----------------------------------------------------------------------------------------
27-11-2025 15:49:10 INFO  RestAssuredRequestFilter:17 - -----------------------------------------------------------------------------------------
27-11-2025 15:49:10 INFO  RestAssuredRequestFilter:18 -  Request Method => POST
 Request URI => https://restful-booker.herokuapp.com/booking
 Request Header =>
Accept=application/json
Content-Type=application/json
 Request Body => {"firstname":"Ricky","additionalneeds":"Breakfast","bookingdates":{"checkin":"2026-01-05","checkout":"2026-01-10"},"totalprice":1000,"depositpaid":true,"lastname":"Martin"}

 Response Status => HTTP/1.1 200 OK
 Response Header =>
Content-Length=201
Content-Type=application/json; charset=utf-8
Date=Thu, 27 Nov 2025 10:19:12 GMT
Etag=W/"c9-yG96K61V1iG0l03EWgQC7E0eyBA"
Nel={"report_to":"heroku-nel","response_headers":["Via"],"max_age":3600,"success_fraction":0.01,"failure_fraction":0.1}
Report-To={"group":"heroku-nel","endpoints":[{"url":"https://nel.heroku.com/reports?s=NlFzW4MUR3i46zl2DWdnugcMuO%2Fc3NF9EQjIWVxIyh0%3D\u0026sid=c46efe9b-d3d2-4a0c-8c76-bfafa16c5add\u0026ts=1764238752"}],"max_age":3600}
Reporting-Endpoints=heroku-nel="https://nel.heroku.com/reports?s=NlFzW4MUR3i46zl2DWdnugcMuO%2Fc3NF9EQjIWVxIyh0%3D&sid=c46efe9b-d3d2-4a0c-8c76-bfafa16c5add&ts=1764238752"
Server=Heroku
Via=1.1 heroku-router
X-Powered-By=Express
 Response Body => {
    "bookingid": 4208,
    "booking": {
        "firstname": "Ricky",
        "lastname": "Martin",
        "totalprice": 1000,
        "depositpaid": true,
        "bookingdates": {
            "checkin": "2026-01-05",
            "checkout": "2026-01-10"
        },
        "additionalneeds": "Breakfast"
    }
}
27-11-2025 15:49:10 INFO  RestAssuredRequestFilter:25 - -----------------------------------------------------------------------------------------
27-11-2025 15:51:17 INFO  RestAssuredRequestFilter:17 - -----------------------------------------------------------------------------------------
27-11-2025 15:51:17 INFO  RestAssuredRequestFilter:18 -  Request Method => POST
 Request URI => https://restful-booker.herokuapp.com/booking
 Request Header =>
Accept=application/json
Content-Type=application/json
 Request Body => {"firstname":"Ricky","additionalneeds":"Breakfast","bookingdates":{"checkin":"2026-01-05","checkout":"2026-01-10"},"totalprice":1000,"depositpaid":true,"lastname":"Martin"}

 Response Status => HTTP/1.1 200 OK
 Response Header =>
Content-Length=200
Content-Type=application/json; charset=utf-8
Date=Thu, 27 Nov 2025 10:21:19 GMT
Etag=W/"c8-gz4NNX3agI0x6cEoAStlIuPFPLM"
Nel={"report_to":"heroku-nel","response_headers":["Via"],"max_age":3600,"success_fraction":0.01,"failure_fraction":0.1}
Report-To={"group":"heroku-nel","endpoints":[{"url":"https://nel.heroku.com/reports?s=8TMU5F%2BQ%2FstvZ0Wpr333W6IDxAghUTXjz1gNyQn5OaM%3D\u0026sid=c46efe9b-d3d2-4a0c-8c76-bfafa16c5add\u0026ts=1764238879"}],"max_age":3600}
Reporting-Endpoints=heroku-nel="https://nel.heroku.com/reports?s=8TMU5F%2BQ%2FstvZ0Wpr333W6IDxAghUTXjz1gNyQn5OaM%3D&sid=c46efe9b-d3d2-4a0c-8c76-bfafa16c5add&ts=1764238879"
Server=Heroku
Via=1.1 heroku-router
X-Powered-By=Express
 Response Body => {
    "bookingid": 117,
    "booking": {
        "firstname": "Ricky",
        "lastname": "Martin",
        "totalprice": 1000,
        "depositpaid": true,
        "bookingdates": {
            "checkin": "2026-01-05",
            "checkout": "2026-01-10"
        },
        "additionalneeds": "Breakfast"
    }
}
27-11-2025 15:51:17 INFO  RestAssuredRequestFilter:25 - -----------------------------------------------------------------------------------------
27-11-2025 15:54:29 INFO  RestAssuredRequestFilter:17 - -----------------------------------------------------------------------------------------
27-11-2025 15:54:29 INFO  RestAssuredRequestFilter:18 -  Request Method => POST
 Request URI => https://restful-booker.herokuapp.com/booking
 Request Header =>
Accept=application/json
Content-Type=application/json
 Request Body => {"firstname":"Ricky","additionalneeds":"Breakfast","bookingdates":{"checkin":"2026-01-05","checkout":"2026-01-10"},"totalprice":1000,"depositpaid":true,"lastname":"Martin"}

 Response Status => HTTP/1.1 200 OK
 Response Header =>
Content-Length=201
Content-Type=application/json; charset=utf-8
Date=Thu, 27 Nov 2025 10:24:31 GMT
Etag=W/"c9-E4QynzQIrCALmbyxfxYHqrSclaY"
Nel={"report_to":"heroku-nel","response_headers":["Via"],"max_age":3600,"success_fraction":0.01,"failure_fraction":0.1}
Report-To={"group":"heroku-nel","endpoints":[{"url":"https://nel.heroku.com/reports?s=zL0a9196XOFZdV2i1gAbXaqQSYsb12%2Fo0U8jHCKmiig%3D\u0026sid=c46efe9b-d3d2-4a0c-8c76-bfafa16c5add\u0026ts=1764239071"}],"max_age":3600}
Reporting-Endpoints=heroku-nel="https://nel.heroku.com/reports?s=zL0a9196XOFZdV2i1gAbXaqQSYsb12%2Fo0U8jHCKmiig%3D&sid=c46efe9b-d3d2-4a0c-8c76-bfafa16c5add&ts=1764239071"
Server=Heroku
Via=1.1 heroku-router
X-Powered-By=Express
 Response Body => {
    "bookingid": 1741,
    "booking": {
        "firstname": "Ricky",
        "lastname": "Martin",
        "totalprice": 1000,
        "depositpaid": true,
        "bookingdates": {
            "checkin": "2026-01-05",
            "checkout": "2026-01-10"
        },
        "additionalneeds": "Breakfast"
    }
}
27-11-2025 15:54:29 INFO  RestAssuredRequestFilter:25 - -----------------------------------------------------------------------------------------
27-11-2025 15:55:09 INFO  RestAssuredRequestFilter:17 - -----------------------------------------------------------------------------------------
27-11-2025 15:55:09 INFO  RestAssuredRequestFilter:18 -  Request Method => POST
 Request URI => https://restful-booker.herokuapp.com/booking
 Request Header =>
Accept=application/json
Content-Type=application/json
 Request Body => {"firstname":"Ricky","additionalneeds":"Breakfast","bookingdates":{"checkin":"2026-01-05","checkout":"2026-01-10"},"totalprice":1000,"depositpaid":true,"lastname":"Martin"}

 Response Status => HTTP/1.1 200 OK
 Response Header =>
Content-Length=201
Content-Type=application/json; charset=utf-8
Date=Thu, 27 Nov 2025 10:25:10 GMT
Etag=W/"c9-Gxp18cPRiWwX0t/RJGzssCL78YI"
Nel={"report_to":"heroku-nel","response_headers":["Via"],"max_age":3600,"success_fraction":0.01,"failure_fraction":0.1}
Report-To={"group":"heroku-nel","endpoints":[{"url":"https://nel.heroku.com/reports?s=fDHs8trICixsq3mKq2AEuCLHgqE9qEVjX6oPFj%2FPEjU%3D\u0026sid=c46efe9b-d3d2-4a0c-8c76-bfafa16c5add\u0026ts=1764239110"}],"max_age":3600}
Reporting-Endpoints=heroku-nel="https://nel.heroku.com/reports?s=fDHs8trICixsq3mKq2AEuCLHgqE9qEVjX6oPFj%2FPEjU%3D&sid=c46efe9b-d3d2-4a0c-8c76-bfafa16c5add&ts=1764239110"
Server=Heroku
Via=1.1 heroku-router
X-Powered-By=Express
 Response Body => {
    "bookingid": 2072,
    "booking": {
        "firstname": "Ricky",
        "lastname": "Martin",
        "totalprice": 1000,
        "depositpaid": true,
        "bookingdates": {
            "checkin": "2026-01-05",
            "checkout": "2026-01-10"
        },
        "additionalneeds": "Breakfast"
    }
}
27-11-2025 15:55:09 INFO  RestAssuredRequestFilter:25 - -----------------------------------------------------------------------------------------
27-11-2025 15:58:38 INFO  RestAssuredRequestFilter:17 - -----------------------------------------------------------------------------------------
27-11-2025 15:58:38 INFO  RestAssuredRequestFilter:18 -  Request Method => POST
 Request URI => https://restful-booker.herokuapp.com/booking
 Request Header =>
Accept=application/json
Content-Type=application/json
 Request Body => {"firstname":"Ricky","additionalneeds":"Breakfast","bookingdates":{"checkin":"2026-01-05","checkout":"2026-01-10"},"totalprice":1000,"depositpaid":true,"lastname":"Martin"}

 Response Status => HTTP/1.1 200 OK
 Response Header =>
Content-Length=201
Content-Type=application/json; charset=utf-8
Date=Thu, 27 Nov 2025 10:28:40 GMT
Etag=W/"c9-D0PVUdb5/i7XDym7B2VAUTDY41g"
Nel={"report_to":"heroku-nel","response_headers":["Via"],"max_age":3600,"success_fraction":0.01,"failure_fraction":0.1}
Report-To={"group":"heroku-nel","endpoints":[{"url":"https://nel.heroku.com/reports?s=efHNVTf8Zz0feXp43CQKs44xtzwmcQi5No7FuGKBNH0%3D\u0026sid=c46efe9b-d3d2-4a0c-8c76-bfafa16c5add\u0026ts=1764239320"}],"max_age":3600}
Reporting-Endpoints=heroku-nel="https://nel.heroku.com/reports?s=efHNVTf8Zz0feXp43CQKs44xtzwmcQi5No7FuGKBNH0%3D&sid=c46efe9b-d3d2-4a0c-8c76-bfafa16c5add&ts=1764239320"
Server=Heroku
Via=1.1 heroku-router
X-Powered-By=Express
 Response Body => {
    "bookingid": 3837,
    "booking": {
        "firstname": "Ricky",
        "lastname": "Martin",
        "totalprice": 1000,
        "depositpaid": true,
        "bookingdates": {
            "checkin": "2026-01-05",
            "checkout": "2026-01-10"
        },
        "additionalneeds": "Breakfast"
    }
}
27-11-2025 15:58:38 INFO  RestAssuredRequestFilter:25 - -----------------------------------------------------------------------------------------
27-11-2025 15:58:39 INFO  ViewBookingStepDef:154 - Session firstname: null
27-11-2025 15:58:39 INFO  ViewBookingStepDef:155 - Session lastname: null
27-11-2025 16:00:51 INFO  RestAssuredRequestFilter:17 - -----------------------------------------------------------------------------------------
27-11-2025 16:00:51 INFO  RestAssuredRequestFilter:18 -  Request Method => POST
 Request URI => https://restful-booker.herokuapp.com/booking
 Request Header =>
Accept=application/json
Content-Type=application/json
 Request Body => {"firstname":"Ricky","additionalneeds":"Breakfast","bookingdates":{"checkin":"2026-01-05","checkout":"2026-01-10"},"totalprice":1000,"depositpaid":true,"lastname":"Martin"}

 Response Status => HTTP/1.1 200 OK
 Response Header =>
Content-Length=199
Content-Type=application/json; charset=utf-8
Date=Thu, 27 Nov 2025 10:30:53 GMT
Etag=W/"c7-58U6GGBhvP2tWAFZpbhEGLY1hlk"
Nel={"report_to":"heroku-nel","response_headers":["Via"],"max_age":3600,"success_fraction":0.01,"failure_fraction":0.1}
Report-To={"group":"heroku-nel","endpoints":[{"url":"https://nel.heroku.com/reports?s=42ScJgYFeFmrXuGPT4%2FCkiMPpT36NyddKOBvAaOPH8s%3D\u0026sid=c46efe9b-d3d2-4a0c-8c76-bfafa16c5add\u0026ts=1764239453"}],"max_age":3600}
Reporting-Endpoints=heroku-nel="https://nel.heroku.com/reports?s=42ScJgYFeFmrXuGPT4%2FCkiMPpT36NyddKOBvAaOPH8s%3D&sid=c46efe9b-d3d2-4a0c-8c76-bfafa16c5add&ts=1764239453"
Server=Heroku
Via=1.1 heroku-router
X-Powered-By=Express
 Response Body => {
    "bookingid": 48,
    "booking": {
        "firstname": "Ricky",
        "lastname": "Martin",
        "totalprice": 1000,
        "depositpaid": true,
        "bookingdates": {
            "checkin": "2026-01-05",
            "checkout": "2026-01-10"
        },
        "additionalneeds": "Breakfast"
    }
}
27-11-2025 16:00:51 INFO  RestAssuredRequestFilter:25 - -----------------------------------------------------------------------------------------
27-11-2025 16:00:52 INFO  ViewBookingStepDef:154 - Session firstname: null
27-11-2025 16:00:52 INFO  ViewBookingStepDef:155 - Session lastname: null
27-11-2025 16:01:35 INFO  RestAssuredRequestFilter:17 - -----------------------------------------------------------------------------------------
27-11-2025 16:01:35 INFO  RestAssuredRequestFilter:18 -  Request Method => POST
 Request URI => https://restful-booker.herokuapp.com/booking
 Request Header =>
Accept=application/json
Content-Type=application/json
 Request Body => {"firstname":"Ricky","additionalneeds":"Breakfast","bookingdates":{"checkin":"2026-01-05","checkout":"2026-01-10"},"totalprice":1000,"depositpaid":true,"lastname":"Martin"}

 Response Status => HTTP/1.1 200 OK
 Response Header =>
Content-Length=200
Content-Type=application/json; charset=utf-8
Date=Thu, 27 Nov 2025 10:31:36 GMT
Etag=W/"c8-H8m3pe8qEb39VV037WzBSO+yQ8c"
Nel={"report_to":"heroku-nel","response_headers":["Via"],"max_age":3600,"success_fraction":0.01,"failure_fraction":0.1}
Report-To={"group":"heroku-nel","endpoints":[{"url":"https://nel.heroku.com/reports?s=e7Xfd%2FO9PRAM7sZTEPnNb8xNqKIjEI2YXJjpD0g5z9E%3D\u0026sid=c46efe9b-d3d2-4a0c-8c76-bfafa16c5add\u0026ts=1764239496"}],"max_age":3600}
Reporting-Endpoints=heroku-nel="https://nel.heroku.com/reports?s=e7Xfd%2FO9PRAM7sZTEPnNb8xNqKIjEI2YXJjpD0g5z9E%3D&sid=c46efe9b-d3d2-4a0c-8c76-bfafa16c5add&ts=1764239496"
Server=Heroku
Via=1.1 heroku-router
X-Powered-By=Express
 Response Body => {
    "bookingid": 443,
    "booking": {
        "firstname": "Ricky",
        "lastname": "Martin",
        "totalprice": 1000,
        "depositpaid": true,
        "bookingdates": {
            "checkin": "2026-01-05",
            "checkout": "2026-01-10"
        },
        "additionalneeds": "Breakfast"
    }
}
27-11-2025 16:01:35 INFO  RestAssuredRequestFilter:25 - -----------------------------------------------------------------------------------------
27-11-2025 16:01:35 INFO  ViewBookingStepDef:154 - Session firstname: Ricky
27-11-2025 16:01:35 INFO  ViewBookingStepDef:155 - Session lastname: Martin
27-11-2025 16:01:36 INFO  RestAssuredRequestFilter:17 - -----------------------------------------------------------------------------------------
27-11-2025 16:01:36 INFO  RestAssuredRequestFilter:18 -  Request Method => GET
 Request URI => https://restful-booker.herokuapp.com/booking?firstname=Ricky&lastname=Martin
 Request Header =>
Accept=application/json
Content-Type=application/json
 Request Body => null

 Response Status => HTTP/1.1 200 OK
 Response Header =>
Content-Length=36
Content-Type=application/json; charset=utf-8
Date=Thu, 27 Nov 2025 10:31:38 GMT
Etag=W/"24-KorABLpb9rPAZ0UH6h01FUuGLs8"
Nel={"report_to":"heroku-nel","response_headers":["Via"],"max_age":3600,"success_fraction":0.01,"failure_fraction":0.1}
Report-To={"group":"heroku-nel","endpoints":[{"url":"https://nel.heroku.com/reports?s=flcRND3BZFNCsXyKwOM0S9MGZpEwgQ%2BDACtIZfT7Mu0%3D\u0026sid=c46efe9b-d3d2-4a0c-8c76-bfafa16c5add\u0026ts=1764239498"}],"max_age":3600}
Reporting-Endpoints=heroku-nel="https://nel.heroku.com/reports?s=flcRND3BZFNCsXyKwOM0S9MGZpEwgQ%2BDACtIZfT7Mu0%3D&sid=c46efe9b-d3d2-4a0c-8c76-bfafa16c5add&ts=1764239498"
Server=Heroku
Via=1.1 heroku-router
X-Powered-By=Express
 Response Body => [
    {
        "bookingid": 48
    },
    {
        "bookingid": 443
    }
]
27-11-2025 16:01:36 INFO  RestAssuredRequestFilter:25 - -----------------------------------------------------------------------------------------
27-11-2025 16:04:47 INFO  RestAssuredRequestFilter:17 - -----------------------------------------------------------------------------------------
27-11-2025 16:04:47 INFO  RestAssuredRequestFilter:18 -  Request Method => POST
 Request URI => https://restful-booker.herokuapp.com/booking
 Request Header =>
Accept=application/json
Content-Type=application/json
 Request Body => {"firstname":"Ricky","additionalneeds":"Breakfast","bookingdates":{"checkin":"2026-01-05","checkout":"2026-01-10"},"totalprice":1000,"depositpaid":true,"lastname":"Martin"}

 Response Status => HTTP/1.1 200 OK
 Response Header =>
Content-Length=201
Content-Type=application/json; charset=utf-8
Date=Thu, 27 Nov 2025 10:34:49 GMT
Etag=W/"c9-yV3WAY4QNTk9p7J2yUqcNecQlF0"
Nel={"report_to":"heroku-nel","response_headers":["Via"],"max_age":3600,"success_fraction":0.01,"failure_fraction":0.1}
Report-To={"group":"heroku-nel","endpoints":[{"url":"https://nel.heroku.com/reports?s=Y%2Bm4XFdauH3Vadl12nn9eZJqAlCvobxcLmRj%2FQD1yFM%3D\u0026sid=c46efe9b-d3d2-4a0c-8c76-bfafa16c5add\u0026ts=1764239689"}],"max_age":3600}
Reporting-Endpoints=heroku-nel="https://nel.heroku.com/reports?s=Y%2Bm4XFdauH3Vadl12nn9eZJqAlCvobxcLmRj%2FQD1yFM%3D&sid=c46efe9b-d3d2-4a0c-8c76-bfafa16c5add&ts=1764239689"
Server=Heroku
Via=1.1 heroku-router
X-Powered-By=Express
 Response Body => {
    "bookingid": 2074,
    "booking": {
        "firstname": "Ricky",
        "lastname": "Martin",
        "totalprice": 1000,
        "depositpaid": true,
        "bookingdates": {
            "checkin": "2026-01-05",
            "checkout": "2026-01-10"
        },
        "additionalneeds": "Breakfast"
    }
}
27-11-2025 16:04:47 INFO  RestAssuredRequestFilter:25 - -----------------------------------------------------------------------------------------
27-11-2025 16:04:48 INFO  ViewBookingStepDef:154 - Session firstname: Ricky
27-11-2025 16:04:48 INFO  ViewBookingStepDef:155 - Session lastname: Martin
27-11-2025 16:04:49 INFO  RestAssuredRequestFilter:17 - -----------------------------------------------------------------------------------------
27-11-2025 16:04:49 INFO  RestAssuredRequestFilter:18 -  Request Method => GET
 Request URI => https://restful-booker.herokuapp.com/booking?firstname=Ricky&lastname=Martin
 Request Header =>
Accept=application/json
Content-Type=application/json
 Request Body => null

 Response Status => HTTP/1.1 200 OK
 Response Header =>
Content-Length=55
Content-Type=application/json; charset=utf-8
Date=Thu, 27 Nov 2025 10:34:51 GMT
Etag=W/"37-2icvqEYdlSltC4UaqarSBAsd8dU"
Nel={"report_to":"heroku-nel","response_headers":["Via"],"max_age":3600,"success_fraction":0.01,"failure_fraction":0.1}
Report-To={"group":"heroku-nel","endpoints":[{"url":"https://nel.heroku.com/reports?s=q6oC0W1vu5GmmhO3pF%2FTUeLnPhdzVIu150mxXHumzXE%3D\u0026sid=c46efe9b-d3d2-4a0c-8c76-bfafa16c5add\u0026ts=1764239691"}],"max_age":3600}
Reporting-Endpoints=heroku-nel="https://nel.heroku.com/reports?s=q6oC0W1vu5GmmhO3pF%2FTUeLnPhdzVIu150mxXHumzXE%3D&sid=c46efe9b-d3d2-4a0c-8c76-bfafa16c5add&ts=1764239691"
Server=Heroku
Via=1.1 heroku-router
X-Powered-By=Express
 Response Body => [
    {
        "bookingid": 2074
    },
    {
        "bookingid": 48
    },
    {
        "bookingid": 443
    }
]
27-11-2025 16:04:49 INFO  RestAssuredRequestFilter:25 - -----------------------------------------------------------------------------------------
27-11-2025 16:07:06 INFO  RestAssuredRequestFilter:17 - -----------------------------------------------------------------------------------------
27-11-2025 16:07:06 INFO  RestAssuredRequestFilter:18 -  Request Method => POST
 Request URI => https://restful-booker.herokuapp.com/booking
 Request Header =>
Accept=application/json
Content-Type=application/json
 Request Body => {"firstname":"Ricky","additionalneeds":"Breakfast","bookingdates":{"checkin":"2026-01-05","checkout":"2026-01-10"},"totalprice":1000,"depositpaid":true,"lastname":"Martin"}

 Response Status => HTTP/1.1 200 OK
 Response Header =>
Content-Length=201
Content-Type=application/json; charset=utf-8
Date=Thu, 27 Nov 2025 10:37:08 GMT
Etag=W/"c9-nO0IjgGfSaDyXdpKJVPDAeRYk54"
Nel={"report_to":"heroku-nel","response_headers":["Via"],"max_age":3600,"success_fraction":0.01,"failure_fraction":0.1}
Report-To={"group":"heroku-nel","endpoints":[{"url":"https://nel.heroku.com/reports?s=p%2FGF9tzPDHBtRoRJn0vCXwyJK%2Bpf51sj61gh0D8%2Fy6Y%3D\u0026sid=c46efe9b-d3d2-4a0c-8c76-bfafa16c5add\u0026ts=1764239828"}],"max_age":3600}
Reporting-Endpoints=heroku-nel="https://nel.heroku.com/reports?s=p%2FGF9tzPDHBtRoRJn0vCXwyJK%2Bpf51sj61gh0D8%2Fy6Y%3D&sid=c46efe9b-d3d2-4a0c-8c76-bfafa16c5add&ts=1764239828"
Server=Heroku
Via=1.1 heroku-router
X-Powered-By=Express
 Response Body => {
    "bookingid": 3243,
    "booking": {
        "firstname": "Ricky",
        "lastname": "Martin",
        "totalprice": 1000,
        "depositpaid": true,
        "bookingdates": {
            "checkin": "2026-01-05",
            "checkout": "2026-01-10"
        },
        "additionalneeds": "Breakfast"
    }
}
27-11-2025 16:07:06 INFO  RestAssuredRequestFilter:25 - -----------------------------------------------------------------------------------------
27-11-2025 16:07:07 INFO  ViewBookingStepDef:154 - Session firstname: Ricky
27-11-2025 16:07:07 INFO  ViewBookingStepDef:155 - Session lastname: Martin
27-11-2025 16:07:07 INFO  RestAssuredRequestFilter:17 - -----------------------------------------------------------------------------------------
27-11-2025 16:07:07 INFO  RestAssuredRequestFilter:18 -  Request Method => GET
 Request URI => https://restful-booker.herokuapp.com/booking?firstname=Ricky&lastname=Martin
 Request Header =>
Accept=application/json
Content-Type=application/json
 Request Body => null

 Response Status => HTTP/1.1 200 OK
 Response Header =>
Content-Length=74
Content-Type=application/json; charset=utf-8
Date=Thu, 27 Nov 2025 10:37:09 GMT
Etag=W/"4a-wga1MMPcviu1sEkMeNfeLWRsfNU"
Nel={"report_to":"heroku-nel","response_headers":["Via"],"max_age":3600,"success_fraction":0.01,"failure_fraction":0.1}
Report-To={"group":"heroku-nel","endpoints":[{"url":"https://nel.heroku.com/reports?s=M8wxRmPXUkeRJ5WLd4BN4ejYY7b5gE6KZkE8Cqwt7NI%3D\u0026sid=c46efe9b-d3d2-4a0c-8c76-bfafa16c5add\u0026ts=1764239829"}],"max_age":3600}
Reporting-Endpoints=heroku-nel="https://nel.heroku.com/reports?s=M8wxRmPXUkeRJ5WLd4BN4ejYY7b5gE6KZkE8Cqwt7NI%3D&sid=c46efe9b-d3d2-4a0c-8c76-bfafa16c5add&ts=1764239829"
Server=Heroku
Via=1.1 heroku-router
X-Powered-By=Express
 Response Body => [
    {
        "bookingid": 2074
    },
    {
        "bookingid": 48
    },
    {
        "bookingid": 3243
    },
    {
        "bookingid": 443
    }
]
27-11-2025 16:07:07 INFO  RestAssuredRequestFilter:25 - -----------------------------------------------------------------------------------------
27-11-2025 16:10:37 INFO  RestAssuredRequestFilter:17 - -----------------------------------------------------------------------------------------
27-11-2025 16:10:37 INFO  RestAssuredRequestFilter:18 -  Request Method => POST
 Request URI => https://restful-booker.herokuapp.com/booking
 Request Header =>
Accept=application/json
Content-Type=application/json
 Request Body => {"firstname":"Roy","additionalneeds":"Breakfast","bookingdates":{"checkin":"2026-01-05","checkout":"2026-01-10"},"totalprice":1000,"depositpaid":true,"lastname":"Martin"}

 Response Status => HTTP/1.1 200 OK
 Response Header =>
Content-Length=199
Content-Type=application/json; charset=utf-8
Date=Thu, 27 Nov 2025 10:40:39 GMT
Etag=W/"c7-gi/LyZGUZVZuYuaKQvT0FbWsmig"
Nel={"report_to":"heroku-nel","response_headers":["Via"],"max_age":3600,"success_fraction":0.01,"failure_fraction":0.1}
Report-To={"group":"heroku-nel","endpoints":[{"url":"https://nel.heroku.com/reports?s=e18aok%2Fz%2F188EL37YPyJfSlfMd5f%2FbtJwmSqujgfECI%3D\u0026sid=c46efe9b-d3d2-4a0c-8c76-bfafa16c5add\u0026ts=1764240039"}],"max_age":3600}
Reporting-Endpoints=heroku-nel="https://nel.heroku.com/reports?s=e18aok%2Fz%2F188EL37YPyJfSlfMd5f%2FbtJwmSqujgfECI%3D&sid=c46efe9b-d3d2-4a0c-8c76-bfafa16c5add&ts=1764240039"
Server=Heroku
Via=1.1 heroku-router
X-Powered-By=Express
 Response Body => {
    "bookingid": 5040,
    "booking": {
        "firstname": "Roy",
        "lastname": "Martin",
        "totalprice": 1000,
        "depositpaid": true,
        "bookingdates": {
            "checkin": "2026-01-05",
            "checkout": "2026-01-10"
        },
        "additionalneeds": "Breakfast"
    }
}
27-11-2025 16:10:37 INFO  RestAssuredRequestFilter:25 - -----------------------------------------------------------------------------------------
27-11-2025 16:10:38 INFO  ViewBookingStepDef:154 - Session firstname: Roy
27-11-2025 16:10:38 INFO  ViewBookingStepDef:155 - Session lastname: Martin
27-11-2025 16:10:38 INFO  RestAssuredRequestFilter:17 - -----------------------------------------------------------------------------------------
27-11-2025 16:10:38 INFO  RestAssuredRequestFilter:18 -  Request Method => GET
 Request URI => https://restful-booker.herokuapp.com/booking?firstname=Roy&lastname=Martin
 Request Header =>
Accept=application/json
Content-Type=application/json
 Request Body => null

 Response Status => HTTP/1.1 200 OK
 Response Header =>
Content-Length=20
Content-Type=application/json; charset=utf-8
Date=Thu, 27 Nov 2025 10:40:40 GMT
Etag=W/"14-7vwLW8R6YPGFdK4zdAtbsfzdrCU"
Nel={"report_to":"heroku-nel","response_headers":["Via"],"max_age":3600,"success_fraction":0.01,"failure_fraction":0.1}
Report-To={"group":"heroku-nel","endpoints":[{"url":"https://nel.heroku.com/reports?s=NjaKb5Tkc6TGaqqnkLXkMtnMbDHarcp6mxKguPJiOOQ%3D\u0026sid=c46efe9b-d3d2-4a0c-8c76-bfafa16c5add\u0026ts=1764240040"}],"max_age":3600}
Reporting-Endpoints=heroku-nel="https://nel.heroku.com/reports?s=NjaKb5Tkc6TGaqqnkLXkMtnMbDHarcp6mxKguPJiOOQ%3D&sid=c46efe9b-d3d2-4a0c-8c76-bfafa16c5add&ts=1764240040"
Server=Heroku
Via=1.1 heroku-router
X-Powered-By=Express
 Response Body => [
    {
        "bookingid": 5040
    }
]
27-11-2025 16:10:38 INFO  RestAssuredRequestFilter:25 - -----------------------------------------------------------------------------------------
